05:22:40 **** Incremental Build of configuration Debug for project Robotics ****
make all 
Building file: ../src/Behaviors/Behavior.cpp
Invoking: Cross G++ Compiler
g++ -O0 -g3 -Wall -c -fmessage-length=0 -MMD -MP -MF"src/Behaviors/Behavior.d" -MT"src/Behaviors/Behavior.d" -o "src/Behaviors/Behavior.o" "../src/Behaviors/Behavior.cpp"
In file included from ../src/Behaviors/Behavior.h:1:0,
                 from ../src/Behaviors/Behavior.cpp:1:
../src/Behaviors/../Robot.h:11:36: fatal error: libplayerc++/playerc++.h: No such file or directory
compilation terminated.
make: *** [src/Behaviors/Behavior.o] Error 1
05:24:01 **** Incremental Build of configuration Debug for project Robotics ****
make all 
Building file: ../src/Behaviors/Behavior.cpp
Invoking: Cross G++ Compiler
g++ -O0 -g3 -Wall -c -fmessage-length=0 -MMD -MP -MF"src/Behaviors/Behavior.d" -MT"src/Behaviors/Behavior.d" -o "src/Behaviors/Behavior.o" "../src/Behaviors/Behavior.cpp"
In file included from ../src/Behaviors/Behavior.h:1:0,
                 from ../src/Behaviors/Behavior.cpp:1:
../src/Behaviors/../Robot.h:11:36: fatal error: libplayerc++/playerc++.h: No such file or directory
compilation terminated.
make: *** [src/Behaviors/Behavior.o] Error 1
05:24:19 **** Incremental Build of configuration Debug for project Robotics ****
make all 
Building file: ../src/Behaviors/Behavior.cpp
Invoking: Cross G++ Compiler
g++ -O0 -g3 -Wall -c -fmessage-length=0 -MMD -MP -MF"src/Behaviors/Behavior.d" -MT"src/Behaviors/Behavior.d" -o "src/Behaviors/Behavior.o" "../src/Behaviors/Behavior.cpp"
In file included from ../src/Behaviors/../Robot.h:11:0,
                 from ../src/Behaviors/Behavior.h:1,
                 from ../src/Behaviors/Behavior.cpp:1:
/usr/local/include/player-2.0/libplayerc++/playerc++.h:39:32: fatal error: libplayerc/playerc.h: No such file or directory
compilation terminated.
make: *** [src/Behaviors/Behavior.o] Error 1
05:36:13 **** Incremental Build of configuration Debug for project Robotics ****
make all 
Building file: ../src/Behaviors/Behavior.cpp
Invoking: Cross G++ Compiler
g++ -I/usr/local/include/player-2.0/ -O0 -g3 -Wall -c -fmessage-length=0 -MMD -MP -MF"src/Behaviors/Behavior.d" -MT"src/Behaviors/Behavior.d" -o "src/Behaviors/Behavior.o" "../src/Behaviors/Behavior.cpp"
In file included from ../src/Behaviors/Behavior.cpp:1:0:
../src/Behaviors/Behavior.h:2:18: warning: extra tokens at end of #include directive [enabled by default]
In file included from ../src/Behaviors/../Robot.h:11:0,
                 from ../src/Behaviors/Behavior.h:1,
                 from ../src/Behaviors/Behavior.cpp:1:
/usr/local/include/player-2.0/libplayerc++/playerc++.h: In member function ‘void PlayerCc::Position2dProxy::GoTo(double, double, double)’:
/usr/local/include/player-2.0/libplayerc++/playerc++.h:1615:40: warning: narrowing conversion of ‘aX’ from ‘double’ to ‘float’ inside { } is ill-formed in C++11 [-Wnarrowing]
/usr/local/include/player-2.0/libplayerc++/playerc++.h:1615:40: warning: narrowing conversion of ‘aY’ from ‘double’ to ‘float’ inside { } is ill-formed in C++11 [-Wnarrowing]
/usr/local/include/player-2.0/libplayerc++/playerc++.h:1615:40: warning: narrowing conversion of ‘aYaw’ from ‘double’ to ‘float’ inside { } is ill-formed in C++11 [-Wnarrowing]
/usr/local/include/player-2.0/libplayerc++/playerc++.h: In member function ‘void PlayerCc::Position3dProxy::GoTo(double, double, double, double, double, double)’:
/usr/local/include/player-2.0/libplayerc++/playerc++.h:1785:59: warning: narrowing conversion of ‘aX’ from ‘double’ to ‘float’ inside { } is ill-formed in C++11 [-Wnarrowing]
/usr/local/include/player-2.0/libplayerc++/playerc++.h:1785:59: warning: narrowing conversion of ‘aY’ from ‘double’ to ‘float’ inside { } is ill-formed in C++11 [-Wnarrowing]
/usr/local/include/player-2.0/libplayerc++/playerc++.h:1785:59: warning: narrowing conversion of ‘aZ’ from ‘double’ to ‘float’ inside { } is ill-formed in C++11 [-Wnarrowing]
/usr/local/include/player-2.0/libplayerc++/playerc++.h:1785:59: warning: narrowing conversion of ‘aRoll’ from ‘double’ to ‘float’ inside { } is ill-formed in C++11 [-Wnarrowing]
/usr/local/include/player-2.0/libplayerc++/playerc++.h:1785:59: warning: narrowing conversion of ‘aPitch’ from ‘double’ to ‘float’ inside { } is ill-formed in C++11 [-Wnarrowing]
/usr/local/include/player-2.0/libplayerc++/playerc++.h:1785:59: warning: narrowing conversion of ‘aYaw’ from ‘double’ to ‘float’ inside { } is ill-formed in C++11 [-Wnarrowing]
Finished building: ../src/Behaviors/Behavior.cpp
 
Building file: ../src/Behaviors/MoveForward.cpp
Invoking: Cross G++ Compiler
g++ -I/usr/local/include/player-2.0/ -O0 -g3 -Wall -c -fmessage-length=0 -MMD -MP -MF"src/Behaviors/MoveForward.d" -MT"src/Behaviors/MoveForward.d" -o "src/Behaviors/MoveForward.o" "../src/Behaviors/MoveForward.cpp"
In file included from ../src/Behaviors/MoveForward.h:11:0,
                 from ../src/Behaviors/MoveForward.cpp:8:
../src/Behaviors/Behavior.h:2:18: warning: extra tokens at end of #include directive [enabled by default]
In file included from ../src/Behaviors/../Robot.h:11:0,
                 from ../src/Behaviors/Behavior.h:1,
                 from ../src/Behaviors/MoveForward.h:11,
                 from ../src/Behaviors/MoveForward.cpp:8:
/usr/local/include/player-2.0/libplayerc++/playerc++.h: In member function ‘void PlayerCc::Position2dProxy::GoTo(double, double, double)’:
/usr/local/include/player-2.0/libplayerc++/playerc++.h:1615:40: warning: narrowing conversion of ‘aX’ from ‘double’ to ‘float’ inside { } is ill-formed in C++11 [-Wnarrowing]
/usr/local/include/player-2.0/libplayerc++/playerc++.h:1615:40: warning: narrowing conversion of ‘aY’ from ‘double’ to ‘float’ inside { } is ill-formed in C++11 [-Wnarrowing]
/usr/local/include/player-2.0/libplayerc++/playerc++.h:1615:40: warning: narrowing conversion of ‘aYaw’ from ‘double’ to ‘float’ inside { } is ill-formed in C++11 [-Wnarrowing]
/usr/local/include/player-2.0/libplayerc++/playerc++.h: In member function ‘void PlayerCc::Position3dProxy::GoTo(double, double, double, double, double, double)’:
/usr/local/include/player-2.0/libplayerc++/playerc++.h:1785:59: warning: narrowing conversion of ‘aX’ from ‘double’ to ‘float’ inside { } is ill-formed in C++11 [-Wnarrowing]
/usr/local/include/player-2.0/libplayerc++/playerc++.h:1785:59: warning: narrowing conversion of ‘aY’ from ‘double’ to ‘float’ inside { } is ill-formed in C++11 [-Wnarrowing]
/usr/local/include/player-2.0/libplayerc++/playerc++.h:1785:59: warning: narrowing conversion of ‘aZ’ from ‘double’ to ‘float’ inside { } is ill-formed in C++11 [-Wnarrowing]
/usr/local/include/player-2.0/libplayerc++/playerc++.h:1785:59: warning: narrowing conversion of ‘aRoll’ from ‘double’ to ‘float’ inside { } is ill-formed in C++11 [-Wnarrowing]
/usr/local/include/player-2.0/libplayerc++/playerc++.h:1785:59: warning: narrowing conversion of ‘aPitch’ from ‘double’ to ‘float’ inside { } is ill-formed in C++11 [-Wnarrowing]
/usr/local/include/player-2.0/libplayerc++/playerc++.h:1785:59: warning: narrowing conversion of ‘aYaw’ from ‘double’ to ‘float’ inside { } is ill-formed in C++11 [-Wnarrowing]
../src/Behaviors/MoveForward.cpp: In member function ‘bool MoveForward::checkObstacleInFront()’:
../src/Behaviors/MoveForward.cpp:25:7: warning: variable ‘isObstacleInFront’ set but not used [-Wunused-but-set-variable]
../src/Behaviors/MoveForward.cpp:39:1: warning: no return statement in function returning non-void [-Wreturn-type]
Finished building: ../src/Behaviors/MoveForward.cpp
 
Building file: ../src/Robot.cpp
Invoking: Cross G++ Compiler
g++ -I/usr/local/include/player-2.0/ -O0 -g3 -Wall -c -fmessage-length=0 -MMD -MP -MF"src/Robot.d" -MT"src/Robot.d" -o "src/Robot.o" "../src/Robot.cpp"
In file included from ../src/Robot.h:11:0,
                 from ../src/Robot.cpp:8:
/usr/local/include/player-2.0/libplayerc++/playerc++.h: In member function ‘void PlayerCc::Position2dProxy::GoTo(double, double, double)’:
/usr/local/include/player-2.0/libplayerc++/playerc++.h:1615:40: warning: narrowing conversion of ‘aX’ from ‘double’ to ‘float’ inside { } is ill-formed in C++11 [-Wnarrowing]
/usr/local/include/player-2.0/libplayerc++/playerc++.h:1615:40: warning: narrowing conversion of ‘aY’ from ‘double’ to ‘float’ inside { } is ill-formed in C++11 [-Wnarrowing]
/usr/local/include/player-2.0/libplayerc++/playerc++.h:1615:40: warning: narrowing conversion of ‘aYaw’ from ‘double’ to ‘float’ inside { } is ill-formed in C++11 [-Wnarrowing]
/usr/local/include/player-2.0/libplayerc++/playerc++.h: In member function ‘void PlayerCc::Position3dProxy::GoTo(double, double, double, double, double, double)’:
/usr/local/include/player-2.0/libplayerc++/playerc++.h:1785:59: warning: narrowing conversion of ‘aX’ from ‘double’ to ‘float’ inside { } is ill-formed in C++11 [-Wnarrowing]
/usr/local/include/player-2.0/libplayerc++/playerc++.h:1785:59: warning: narrowing conversion of ‘aY’ from ‘double’ to ‘float’ inside { } is ill-formed in C++11 [-Wnarrowing]
/usr/local/include/player-2.0/libplayerc++/playerc++.h:1785:59: warning: narrowing conversion of ‘aZ’ from ‘double’ to ‘float’ inside { } is ill-formed in C++11 [-Wnarrowing]
/usr/local/include/player-2.0/libplayerc++/playerc++.h:1785:59: warning: narrowing conversion of ‘aRoll’ from ‘double’ to ‘float’ inside { } is ill-formed in C++11 [-Wnarrowing]
/usr/local/include/player-2.0/libplayerc++/playerc++.h:1785:59: warning: narrowing conversion of ‘aPitch’ from ‘double’ to ‘float’ inside { } is ill-formed in C++11 [-Wnarrowing]
/usr/local/include/player-2.0/libplayerc++/playerc++.h:1785:59: warning: narrowing conversion of ‘aYaw’ from ‘double’ to ‘float’ inside { } is ill-formed in C++11 [-Wnarrowing]
Finished building: ../src/Robot.cpp
 
Building file: ../src/Robotics.cpp
Invoking: Cross G++ Compiler
g++ -I/usr/local/include/player-2.0/ -O0 -g3 -Wall -c -fmessage-length=0 -MMD -MP -MF"src/Robotics.d" -MT"src/Robotics.d" -o "src/Robotics.o" "../src/Robotics.cpp"
Finished building: ../src/Robotics.cpp
 
Building target: Robotics
Invoking: Cross G++ Linker
g++  -o "Robotics"  ./src/Behaviors/Behavior.o ./src/Behaviors/MoveForward.o  ./src/Robot.o ./src/Robotics.o   -lplayerc++
Finished building target: Robotics
 
11:58:18 **** Build of configuration Debug for project Robotics ****
make all 
Building file: ../src/Plans/ObstacleAvoidPln.cpp
Invoking: Cross G++ Compiler
g++ -I/usr/local/include/player-2.0/ -O0 -g3 -Wall -c -fmessage-length=0 -MMD -MP -MF"src/Plans/ObstacleAvoidPln.d" -MT"src/Plans/ObstacleAvoidPln.d" -o "src/Plans/ObstacleAvoidPln.o" "../src/Plans/ObstacleAvoidPln.cpp"
In file included from ../src/Plans/../Robot.h:11:0,
                 from ../src/Plans/Plan.h:5,
                 from ../src/Plans/ObstacleAvoidPln.h:4,
                 from ../src/Plans/ObstacleAvoidPln.cpp:1:
/usr/local/include/player-2.0/libplayerc++/playerc++.h: In member function ‘void PlayerCc::Position2dProxy::GoTo(double, double, double)’:
/usr/local/include/player-2.0/libplayerc++/playerc++.h:1615:40: warning: narrowing conversion of ‘aX’ from ‘double’ to ‘float’ inside { } is ill-formed in C++11 [-Wnarrowing]
/usr/local/include/player-2.0/libplayerc++/playerc++.h:1615:40: warning: narrowing conversion of ‘aY’ from ‘double’ to ‘float’ inside { } is ill-formed in C++11 [-Wnarrowing]
/usr/local/include/player-2.0/libplayerc++/playerc++.h:1615:40: warning: narrowing conversion of ‘aYaw’ from ‘double’ to ‘float’ inside { } is ill-formed in C++11 [-Wnarrowing]
/usr/local/include/player-2.0/libplayerc++/playerc++.h: In member function ‘void PlayerCc::Position3dProxy::GoTo(double, double, double, double, double, double)’:
/usr/local/include/player-2.0/libplayerc++/playerc++.h:1785:59: warning: narrowing conversion of ‘aX’ from ‘double’ to ‘float’ inside { } is ill-formed in C++11 [-Wnarrowing]
/usr/local/include/player-2.0/libplayerc++/playerc++.h:1785:59: warning: narrowing conversion of ‘aY’ from ‘double’ to ‘float’ inside { } is ill-formed in C++11 [-Wnarrowing]
/usr/local/include/player-2.0/libplayerc++/playerc++.h:1785:59: warning: narrowing conversion of ‘aZ’ from ‘double’ to ‘float’ inside { } is ill-formed in C++11 [-Wnarrowing]
/usr/local/include/player-2.0/libplayerc++/playerc++.h:1785:59: warning: narrowing conversion of ‘aRoll’ from ‘double’ to ‘float’ inside { } is ill-formed in C++11 [-Wnarrowing]
/usr/local/include/player-2.0/libplayerc++/playerc++.h:1785:59: warning: narrowing conversion of ‘aPitch’ from ‘double’ to ‘float’ inside { } is ill-formed in C++11 [-Wnarrowing]
/usr/local/include/player-2.0/libplayerc++/playerc++.h:1785:59: warning: narrowing conversion of ‘aYaw’ from ‘double’ to ‘float’ inside { } is ill-formed in C++11 [-Wnarrowing]
In file included from ../src/Plans/../Behaviors/MoveForward.h:11:0,
                 from ../src/Plans/ObstacleAvoidPln.cpp:2:
../src/Plans/../Behaviors/Movement.h: At global scope:
../src/Plans/../Behaviors/Movement.h:10:28: warning: non-static data member initializers only available with -std=c++11 or -std=gnu++11 [enabled by default]
../src/Plans/../Behaviors/Movement.h:11:31: warning: non-static data member initializers only available with -std=c++11 or -std=gnu++11 [enabled by default]
Finished building: ../src/Plans/ObstacleAvoidPln.cpp
 
Building file: ../src/Plans/Plan.cpp
Invoking: Cross G++ Compiler
g++ -I/usr/local/include/player-2.0/ -O0 -g3 -Wall -c -fmessage-length=0 -MMD -MP -MF"src/Plans/Plan.d" -MT"src/Plans/Plan.d" -o "src/Plans/Plan.o" "../src/Plans/Plan.cpp"
In file included from ../src/Plans/../Robot.h:11:0,
                 from ../src/Plans/Plan.h:5,
                 from ../src/Plans/Plan.cpp:1:
/usr/local/include/player-2.0/libplayerc++/playerc++.h: In member function ‘void PlayerCc::Position2dProxy::GoTo(double, double, double)’:
/usr/local/include/player-2.0/libplayerc++/playerc++.h:1615:40: warning: narrowing conversion of ‘aX’ from ‘double’ to ‘float’ inside { } is ill-formed in C++11 [-Wnarrowing]
/usr/local/include/player-2.0/libplayerc++/playerc++.h:1615:40: warning: narrowing conversion of ‘aY’ from ‘double’ to ‘float’ inside { } is ill-formed in C++11 [-Wnarrowing]
/usr/local/include/player-2.0/libplayerc++/playerc++.h:1615:40: warning: narrowing conversion of ‘aYaw’ from ‘double’ to ‘float’ inside { } is ill-formed in C++11 [-Wnarrowing]
/usr/local/include/player-2.0/libplayerc++/playerc++.h: In member function ‘void PlayerCc::Position3dProxy::GoTo(double, double, double, double, double, double)’:
/usr/local/include/player-2.0/libplayerc++/playerc++.h:1785:59: warning: narrowing conversion of ‘aX’ from ‘double’ to ‘float’ inside { } is ill-formed in C++11 [-Wnarrowing]
/usr/local/include/player-2.0/libplayerc++/playerc++.h:1785:59: warning: narrowing conversion of ‘aY’ from ‘double’ to ‘float’ inside { } is ill-formed in C++11 [-Wnarrowing]
/usr/local/include/player-2.0/libplayerc++/playerc++.h:1785:59: warning: narrowing conversion of ‘aZ’ from ‘double’ to ‘float’ inside { } is ill-formed in C++11 [-Wnarrowing]
/usr/local/include/player-2.0/libplayerc++/playerc++.h:1785:59: warning: narrowing conversion of ‘aRoll’ from ‘double’ to ‘float’ inside { } is ill-formed in C++11 [-Wnarrowing]
/usr/local/include/player-2.0/libplayerc++/playerc++.h:1785:59: warning: narrowing conversion of ‘aPitch’ from ‘double’ to ‘float’ inside { } is ill-formed in C++11 [-Wnarrowing]
/usr/local/include/player-2.0/libplayerc++/playerc++.h:1785:59: warning: narrowing conversion of ‘aYaw’ from ‘double’ to ‘float’ inside { } is ill-formed in C++11 [-Wnarrowing]
Finished building: ../src/Plans/Plan.cpp
 
Building file: ../src/Behaviors/Behavior.cpp
Invoking: Cross G++ Compiler
g++ -I/usr/local/include/player-2.0/ -O0 -g3 -Wall -c -fmessage-length=0 -MMD -MP -MF"src/Behaviors/Behavior.d" -MT"src/Behaviors/Behavior.d" -o "src/Behaviors/Behavior.o" "../src/Behaviors/Behavior.cpp"
In file included from ../src/Behaviors/../Robot.h:11:0,
                 from ../src/Behaviors/Behavior.h:4,
                 from ../src/Behaviors/Behavior.cpp:1:
/usr/local/include/player-2.0/libplayerc++/playerc++.h: In member function ‘void PlayerCc::Position2dProxy::GoTo(double, double, double)’:
/usr/local/include/player-2.0/libplayerc++/playerc++.h:1615:40: warning: narrowing conversion of ‘aX’ from ‘double’ to ‘float’ inside { } is ill-formed in C++11 [-Wnarrowing]
/usr/local/include/player-2.0/libplayerc++/playerc++.h:1615:40: warning: narrowing conversion of ‘aY’ from ‘double’ to ‘float’ inside { } is ill-formed in C++11 [-Wnarrowing]
/usr/local/include/player-2.0/libplayerc++/playerc++.h:1615:40: warning: narrowing conversion of ‘aYaw’ from ‘double’ to ‘float’ inside { } is ill-formed in C++11 [-Wnarrowing]
/usr/local/include/player-2.0/libplayerc++/playerc++.h: In member function ‘void PlayerCc::Position3dProxy::GoTo(double, double, double, double, double, double)’:
/usr/local/include/player-2.0/libplayerc++/playerc++.h:1785:59: warning: narrowing conversion of ‘aX’ from ‘double’ to ‘float’ inside { } is ill-formed in C++11 [-Wnarrowing]
/usr/local/include/player-2.0/libplayerc++/playerc++.h:1785:59: warning: narrowing conversion of ‘aY’ from ‘double’ to ‘float’ inside { } is ill-formed in C++11 [-Wnarrowing]
/usr/local/include/player-2.0/libplayerc++/playerc++.h:1785:59: warning: narrowing conversion of ‘aZ’ from ‘double’ to ‘float’ inside { } is ill-formed in C++11 [-Wnarrowing]
/usr/local/include/player-2.0/libplayerc++/playerc++.h:1785:59: warning: narrowing conversion of ‘aRoll’ from ‘double’ to ‘float’ inside { } is ill-formed in C++11 [-Wnarrowing]
/usr/local/include/player-2.0/libplayerc++/playerc++.h:1785:59: warning: narrowing conversion of ‘aPitch’ from ‘double’ to ‘float’ inside { } is ill-formed in C++11 [-Wnarrowing]
/usr/local/include/player-2.0/libplayerc++/playerc++.h:1785:59: warning: narrowing conversion of ‘aYaw’ from ‘double’ to ‘float’ inside { } is ill-formed in C++11 [-Wnarrowing]
../src/Behaviors/Behavior.cpp: In member function ‘virtual Behavior* Behavior::selectNext()’:
../src/Behaviors/Behavior.cpp:4:42: warning: comparison between signed and unsigned integer expressions [-Wsign-compare]
Finished building: ../src/Behaviors/Behavior.cpp
 
Building file: ../src/Behaviors/MoveForward.cpp
Invoking: Cross G++ Compiler
g++ -I/usr/local/include/player-2.0/ -O0 -g3 -Wall -c -fmessage-length=0 -MMD -MP -MF"src/Behaviors/MoveForward.d" -MT"src/Behaviors/MoveForward.d" -o "src/Behaviors/MoveForward.o" "../src/Behaviors/MoveForward.cpp"
In file included from ../src/Behaviors/../Robot.h:11:0,
                 from ../src/Behaviors/Behavior.h:4,
                 from ../src/Behaviors/Movement.h:4,
                 from ../src/Behaviors/MoveForward.h:11,
                 from ../src/Behaviors/MoveForward.cpp:1:
/usr/local/include/player-2.0/libplayerc++/playerc++.h: In member function ‘void PlayerCc::Position2dProxy::GoTo(double, double, double)’:
/usr/local/include/player-2.0/libplayerc++/playerc++.h:1615:40: warning: narrowing conversion of ‘aX’ from ‘double’ to ‘float’ inside { } is ill-formed in C++11 [-Wnarrowing]
/usr/local/include/player-2.0/libplayerc++/playerc++.h:1615:40: warning: narrowing conversion of ‘aY’ from ‘double’ to ‘float’ inside { } is ill-formed in C++11 [-Wnarrowing]
/usr/local/include/player-2.0/libplayerc++/playerc++.h:1615:40: warning: narrowing conversion of ‘aYaw’ from ‘double’ to ‘float’ inside { } is ill-formed in C++11 [-Wnarrowing]
/usr/local/include/player-2.0/libplayerc++/playerc++.h: In member function ‘void PlayerCc::Position3dProxy::GoTo(double, double, double, double, double, double)’:
/usr/local/include/player-2.0/libplayerc++/playerc++.h:1785:59: warning: narrowing conversion of ‘aX’ from ‘double’ to ‘float’ inside { } is ill-formed in C++11 [-Wnarrowing]
/usr/local/include/player-2.0/libplayerc++/playerc++.h:1785:59: warning: narrowing conversion of ‘aY’ from ‘double’ to ‘float’ inside { } is ill-formed in C++11 [-Wnarrowing]
/usr/local/include/player-2.0/libplayerc++/playerc++.h:1785:59: warning: narrowing conversion of ‘aZ’ from ‘double’ to ‘float’ inside { } is ill-formed in C++11 [-Wnarrowing]
/usr/local/include/player-2.0/libplayerc++/playerc++.h:1785:59: warning: narrowing conversion of ‘aRoll’ from ‘double’ to ‘float’ inside { } is ill-formed in C++11 [-Wnarrowing]
/usr/local/include/player-2.0/libplayerc++/playerc++.h:1785:59: warning: narrowing conversion of ‘aPitch’ from ‘double’ to ‘float’ inside { } is ill-formed in C++11 [-Wnarrowing]
/usr/local/include/player-2.0/libplayerc++/playerc++.h:1785:59: warning: narrowing conversion of ‘aYaw’ from ‘double’ to ‘float’ inside { } is ill-formed in C++11 [-Wnarrowing]
In file included from ../src/Behaviors/MoveForward.h:11:0,
                 from ../src/Behaviors/MoveForward.cpp:1:
../src/Behaviors/Movement.h: At global scope:
../src/Behaviors/Movement.h:10:28: warning: non-static data member initializers only available with -std=c++11 or -std=gnu++11 [enabled by default]
../src/Behaviors/Movement.h:11:31: warning: non-static data member initializers only available with -std=c++11 or -std=gnu++11 [enabled by default]
Finished building: ../src/Behaviors/MoveForward.cpp
 
Building file: ../src/Behaviors/Movement.cpp
Invoking: Cross G++ Compiler
g++ -I/usr/local/include/player-2.0/ -O0 -g3 -Wall -c -fmessage-length=0 -MMD -MP -MF"src/Behaviors/Movement.d" -MT"src/Behaviors/Movement.d" -o "src/Behaviors/Movement.o" "../src/Behaviors/Movement.cpp"
In file included from ../src/Behaviors/../Robot.h:11:0,
                 from ../src/Behaviors/Behavior.h:4,
                 from ../src/Behaviors/Movement.h:4,
                 from ../src/Behaviors/Movement.cpp:1:
/usr/local/include/player-2.0/libplayerc++/playerc++.h: In member function ‘void PlayerCc::Position2dProxy::GoTo(double, double, double)’:
/usr/local/include/player-2.0/libplayerc++/playerc++.h:1615:40: warning: narrowing conversion of ‘aX’ from ‘double’ to ‘float’ inside { } is ill-formed in C++11 [-Wnarrowing]
/usr/local/include/player-2.0/libplayerc++/playerc++.h:1615:40: warning: narrowing conversion of ‘aY’ from ‘double’ to ‘float’ inside { } is ill-formed in C++11 [-Wnarrowing]
/usr/local/include/player-2.0/libplayerc++/playerc++.h:1615:40: warning: narrowing conversion of ‘aYaw’ from ‘double’ to ‘float’ inside { } is ill-formed in C++11 [-Wnarrowing]
/usr/local/include/player-2.0/libplayerc++/playerc++.h: In member function ‘void PlayerCc::Position3dProxy::GoTo(double, double, double, double, double, double)’:
/usr/local/include/player-2.0/libplayerc++/playerc++.h:1785:59: warning: narrowing conversion of ‘aX’ from ‘double’ to ‘float’ inside { } is ill-formed in C++11 [-Wnarrowing]
/usr/local/include/player-2.0/libplayerc++/playerc++.h:1785:59: warning: narrowing conversion of ‘aY’ from ‘double’ to ‘float’ inside { } is ill-formed in C++11 [-Wnarrowing]
/usr/local/include/player-2.0/libplayerc++/playerc++.h:1785:59: warning: narrowing conversion of ‘aZ’ from ‘double’ to ‘float’ inside { } is ill-formed in C++11 [-Wnarrowing]
/usr/local/include/player-2.0/libplayerc++/playerc++.h:1785:59: warning: narrowing conversion of ‘aRoll’ from ‘double’ to ‘float’ inside { } is ill-formed in C++11 [-Wnarrowing]
/usr/local/include/player-2.0/libplayerc++/playerc++.h:1785:59: warning: narrowing conversion of ‘aPitch’ from ‘double’ to ‘float’ inside { } is ill-formed in C++11 [-Wnarrowing]
/usr/local/include/player-2.0/libplayerc++/playerc++.h:1785:59: warning: narrowing conversion of ‘aYaw’ from ‘double’ to ‘float’ inside { } is ill-formed in C++11 [-Wnarrowing]
In file included from ../src/Behaviors/Movement.cpp:1:0:
../src/Behaviors/Movement.h: At global scope:
../src/Behaviors/Movement.h:10:28: warning: non-static data member initializers only available with -std=c++11 or -std=gnu++11 [enabled by default]
../src/Behaviors/Movement.h:11:31: warning: non-static data member initializers only available with -std=c++11 or -std=gnu++11 [enabled by default]
Finished building: ../src/Behaviors/Movement.cpp
 
Building file: ../src/Behaviors/TurnLeft.cpp
Invoking: Cross G++ Compiler
g++ -I/usr/local/include/player-2.0/ -O0 -g3 -Wall -c -fmessage-length=0 -MMD -MP -MF"src/Behaviors/TurnLeft.d" -MT"src/Behaviors/TurnLeft.d" -o "src/Behaviors/TurnLeft.o" "../src/Behaviors/TurnLeft.cpp"
In file included from ../src/Behaviors/../Robot.h:11:0,
                 from ../src/Behaviors/Behavior.h:4,
                 from ../src/Behaviors/Movement.h:4,
                 from ../src/Behaviors/TurnLeft.h:4,
                 from ../src/Behaviors/TurnLeft.cpp:1:
/usr/local/include/player-2.0/libplayerc++/playerc++.h: In member function ‘void PlayerCc::Position2dProxy::GoTo(double, double, double)’:
/usr/local/include/player-2.0/libplayerc++/playerc++.h:1615:40: warning: narrowing conversion of ‘aX’ from ‘double’ to ‘float’ inside { } is ill-formed in C++11 [-Wnarrowing]
/usr/local/include/player-2.0/libplayerc++/playerc++.h:1615:40: warning: narrowing conversion of ‘aY’ from ‘double’ to ‘float’ inside { } is ill-formed in C++11 [-Wnarrowing]
/usr/local/include/player-2.0/libplayerc++/playerc++.h:1615:40: warning: narrowing conversion of ‘aYaw’ from ‘double’ to ‘float’ inside { } is ill-formed in C++11 [-Wnarrowing]
/usr/local/include/player-2.0/libplayerc++/playerc++.h: In member function ‘void PlayerCc::Position3dProxy::GoTo(double, double, double, double, double, double)’:
/usr/local/include/player-2.0/libplayerc++/playerc++.h:1785:59: warning: narrowing conversion of ‘aX’ from ‘double’ to ‘float’ inside { } is ill-formed in C++11 [-Wnarrowing]
/usr/local/include/player-2.0/libplayerc++/playerc++.h:1785:59: warning: narrowing conversion of ‘aY’ from ‘double’ to ‘float’ inside { } is ill-formed in C++11 [-Wnarrowing]
/usr/local/include/player-2.0/libplayerc++/playerc++.h:1785:59: warning: narrowing conversion of ‘aZ’ from ‘double’ to ‘float’ inside { } is ill-formed in C++11 [-Wnarrowing]
/usr/local/include/player-2.0/libplayerc++/playerc++.h:1785:59: warning: narrowing conversion of ‘aRoll’ from ‘double’ to ‘float’ inside { } is ill-formed in C++11 [-Wnarrowing]
/usr/local/include/player-2.0/libplayerc++/playerc++.h:1785:59: warning: narrowing conversion of ‘aPitch’ from ‘double’ to ‘float’ inside { } is ill-formed in C++11 [-Wnarrowing]
/usr/local/include/player-2.0/libplayerc++/playerc++.h:1785:59: warning: narrowing conversion of ‘aYaw’ from ‘double’ to ‘float’ inside { } is ill-formed in C++11 [-Wnarrowing]
In file included from ../src/Behaviors/TurnLeft.h:4:0,
                 from ../src/Behaviors/TurnLeft.cpp:1:
../src/Behaviors/Movement.h: At global scope:
../src/Behaviors/Movement.h:10:28: warning: non-static data member initializers only available with -std=c++11 or -std=gnu++11 [enabled by default]
../src/Behaviors/Movement.h:11:31: warning: non-static data member initializers only available with -std=c++11 or -std=gnu++11 [enabled by default]
Finished building: ../src/Behaviors/TurnLeft.cpp
 
Building file: ../src/Behaviors/TurnRight.cpp
Invoking: Cross G++ Compiler
g++ -I/usr/local/include/player-2.0/ -O0 -g3 -Wall -c -fmessage-length=0 -MMD -MP -MF"src/Behaviors/TurnRight.d" -MT"src/Behaviors/TurnRight.d" -o "src/Behaviors/TurnRight.o" "../src/Behaviors/TurnRight.cpp"
In file included from ../src/Behaviors/../Robot.h:11:0,
                 from ../src/Behaviors/Behavior.h:4,
                 from ../src/Behaviors/Movement.h:4,
                 from ../src/Behaviors/TurnRight.h:4,
                 from ../src/Behaviors/TurnRight.cpp:1:
/usr/local/include/player-2.0/libplayerc++/playerc++.h: In member function ‘void PlayerCc::Position2dProxy::GoTo(double, double, double)’:
/usr/local/include/player-2.0/libplayerc++/playerc++.h:1615:40: warning: narrowing conversion of ‘aX’ from ‘double’ to ‘float’ inside { } is ill-formed in C++11 [-Wnarrowing]
/usr/local/include/player-2.0/libplayerc++/playerc++.h:1615:40: warning: narrowing conversion of ‘aY’ from ‘double’ to ‘float’ inside { } is ill-formed in C++11 [-Wnarrowing]
/usr/local/include/player-2.0/libplayerc++/playerc++.h:1615:40: warning: narrowing conversion of ‘aYaw’ from ‘double’ to ‘float’ inside { } is ill-formed in C++11 [-Wnarrowing]
/usr/local/include/player-2.0/libplayerc++/playerc++.h: In member function ‘void PlayerCc::Position3dProxy::GoTo(double, double, double, double, double, double)’:
/usr/local/include/player-2.0/libplayerc++/playerc++.h:1785:59: warning: narrowing conversion of ‘aX’ from ‘double’ to ‘float’ inside { } is ill-formed in C++11 [-Wnarrowing]
/usr/local/include/player-2.0/libplayerc++/playerc++.h:1785:59: warning: narrowing conversion of ‘aY’ from ‘double’ to ‘float’ inside { } is ill-formed in C++11 [-Wnarrowing]
/usr/local/include/player-2.0/libplayerc++/playerc++.h:1785:59: warning: narrowing conversion of ‘aZ’ from ‘double’ to ‘float’ inside { } is ill-formed in C++11 [-Wnarrowing]
/usr/local/include/player-2.0/libplayerc++/playerc++.h:1785:59: warning: narrowing conversion of ‘aRoll’ from ‘double’ to ‘float’ inside { } is ill-formed in C++11 [-Wnarrowing]
/usr/local/include/player-2.0/libplayerc++/playerc++.h:1785:59: warning: narrowing conversion of ‘aPitch’ from ‘double’ to ‘float’ inside { } is ill-formed in C++11 [-Wnarrowing]
/usr/local/include/player-2.0/libplayerc++/playerc++.h:1785:59: warning: narrowing conversion of ‘aYaw’ from ‘double’ to ‘float’ inside { } is ill-formed in C++11 [-Wnarrowing]
In file included from ../src/Behaviors/TurnRight.h:4:0,
                 from ../src/Behaviors/TurnRight.cpp:1:
../src/Behaviors/Movement.h: At global scope:
../src/Behaviors/Movement.h:10:28: warning: non-static data member initializers only available with -std=c++11 or -std=gnu++11 [enabled by default]
../src/Behaviors/Movement.h:11:31: warning: non-static data member initializers only available with -std=c++11 or -std=gnu++11 [enabled by default]
Finished building: ../src/Behaviors/TurnRight.cpp
 
Building file: ../src/Manager.cpp
Invoking: Cross G++ Compiler
g++ -I/usr/local/include/player-2.0/ -O0 -g3 -Wall -c -fmessage-length=0 -MMD -MP -MF"src/Manager.d" -MT"src/Manager.d" -o "src/Manager.o" "../src/Manager.cpp"
In file included from ../src/Manager.cpp:1:0:
../src/Manager.h:11:2: warning: #import is a deprecated GCC extension [-Wdeprecated]
In file included from ../src/Manager.cpp:1:0:
../src/Manager.h:12:2: warning: #import is a deprecated GCC extension [-Wdeprecated]
In file included from ../src/Manager.cpp:1:0:
../src/Manager.h:13:2: warning: #import is a deprecated GCC extension [-Wdeprecated]
In file included from ../src/Robot.h:11:0,
                 from ../src/Manager.h:11,
                 from ../src/Manager.cpp:1:
/usr/local/include/player-2.0/libplayerc++/playerc++.h: In member function ‘void PlayerCc::Position2dProxy::GoTo(double, double, double)’:
/usr/local/include/player-2.0/libplayerc++/playerc++.h:1615:40: warning: narrowing conversion of ‘aX’ from ‘double’ to ‘float’ inside { } is ill-formed in C++11 [-Wnarrowing]
/usr/local/include/player-2.0/libplayerc++/playerc++.h:1615:40: warning: narrowing conversion of ‘aY’ from ‘double’ to ‘float’ inside { } is ill-formed in C++11 [-Wnarrowing]
/usr/local/include/player-2.0/libplayerc++/playerc++.h:1615:40: warning: narrowing conversion of ‘aYaw’ from ‘double’ to ‘float’ inside { } is ill-formed in C++11 [-Wnarrowing]
/usr/local/include/player-2.0/libplayerc++/playerc++.h: In member function ‘void PlayerCc::Position3dProxy::GoTo(double, double, double, double, double, double)’:
/usr/local/include/player-2.0/libplayerc++/playerc++.h:1785:59: warning: narrowing conversion of ‘aX’ from ‘double’ to ‘float’ inside { } is ill-formed in C++11 [-Wnarrowing]
/usr/local/include/player-2.0/libplayerc++/playerc++.h:1785:59: warning: narrowing conversion of ‘aY’ from ‘double’ to ‘float’ inside { } is ill-formed in C++11 [-Wnarrowing]
/usr/local/include/player-2.0/libplayerc++/playerc++.h:1785:59: warning: narrowing conversion of ‘aZ’ from ‘double’ to ‘float’ inside { } is ill-formed in C++11 [-Wnarrowing]
/usr/local/include/player-2.0/libplayerc++/playerc++.h:1785:59: warning: narrowing conversion of ‘aRoll’ from ‘double’ to ‘float’ inside { } is ill-formed in C++11 [-Wnarrowing]
/usr/local/include/player-2.0/libplayerc++/playerc++.h:1785:59: warning: narrowing conversion of ‘aPitch’ from ‘double’ to ‘float’ inside { } is ill-formed in C++11 [-Wnarrowing]
/usr/local/include/player-2.0/libplayerc++/playerc++.h:1785:59: warning: narrowing conversion of ‘aYaw’ from ‘double’ to ‘float’ inside { } is ill-formed in C++11 [-Wnarrowing]
../src/Manager.cpp: In member function ‘void Manager::run()’:
../src/Manager.cpp:25:11: warning: unused variable ‘deltaX’ [-Wunused-variable]
../src/Manager.cpp:26:11: warning: unused variable ‘deltaY’ [-Wunused-variable]
../src/Manager.cpp:27:11: warning: unused variable ‘deltaYaw’ [-Wunused-variable]
../src/Manager.cpp:28:11: warning: unused variable ‘laserScans’ [-Wunused-variable]
Finished building: ../src/Manager.cpp
 
Building file: ../src/Robot.cpp
Invoking: Cross G++ Compiler
g++ -I/usr/local/include/player-2.0/ -O0 -g3 -Wall -c -fmessage-length=0 -MMD -MP -MF"src/Robot.d" -MT"src/Robot.d" -o "src/Robot.o" "../src/Robot.cpp"
In file included from ../src/Robot.h:11:0,
                 from ../src/Robot.cpp:8:
/usr/local/include/player-2.0/libplayerc++/playerc++.h: In member function ‘void PlayerCc::Position2dProxy::GoTo(double, double, double)’:
/usr/local/include/player-2.0/libplayerc++/playerc++.h:1615:40: warning: narrowing conversion of ‘aX’ from ‘double’ to ‘float’ inside { } is ill-formed in C++11 [-Wnarrowing]
/usr/local/include/player-2.0/libplayerc++/playerc++.h:1615:40: warning: narrowing conversion of ‘aY’ from ‘double’ to ‘float’ inside { } is ill-formed in C++11 [-Wnarrowing]
/usr/local/include/player-2.0/libplayerc++/playerc++.h:1615:40: warning: narrowing conversion of ‘aYaw’ from ‘double’ to ‘float’ inside { } is ill-formed in C++11 [-Wnarrowing]
/usr/local/include/player-2.0/libplayerc++/playerc++.h: In member function ‘void PlayerCc::Position3dProxy::GoTo(double, double, double, double, double, double)’:
/usr/local/include/player-2.0/libplayerc++/playerc++.h:1785:59: warning: narrowing conversion of ‘aX’ from ‘double’ to ‘float’ inside { } is ill-formed in C++11 [-Wnarrowing]
/usr/local/include/player-2.0/libplayerc++/playerc++.h:1785:59: warning: narrowing conversion of ‘aY’ from ‘double’ to ‘float’ inside { } is ill-formed in C++11 [-Wnarrowing]
/usr/local/include/player-2.0/libplayerc++/playerc++.h:1785:59: warning: narrowing conversion of ‘aZ’ from ‘double’ to ‘float’ inside { } is ill-formed in C++11 [-Wnarrowing]
/usr/local/include/player-2.0/libplayerc++/playerc++.h:1785:59: warning: narrowing conversion of ‘aRoll’ from ‘double’ to ‘float’ inside { } is ill-formed in C++11 [-Wnarrowing]
/usr/local/include/player-2.0/libplayerc++/playerc++.h:1785:59: warning: narrowing conversion of ‘aPitch’ from ‘double’ to ‘float’ inside { } is ill-formed in C++11 [-Wnarrowing]
/usr/local/include/player-2.0/libplayerc++/playerc++.h:1785:59: warning: narrowing conversion of ‘aYaw’ from ‘double’ to ‘float’ inside { } is ill-formed in C++11 [-Wnarrowing]
Finished building: ../src/Robot.cpp
 
Building file: ../src/Robotics.cpp
Invoking: Cross G++ Compiler
g++ -I/usr/local/include/player-2.0/ -O0 -g3 -Wall -c -fmessage-length=0 -MMD -MP -MF"src/Robotics.d" -MT"src/Robotics.d" -o "src/Robotics.o" "../src/Robotics.cpp"
In file included from ../src/Robotics.cpp:11:0:
../src/Manager.h:11:2: warning: #import is a deprecated GCC extension [-Wdeprecated]
../src/Manager.h:12:2: warning: #import is a deprecated GCC extension [-Wdeprecated]
In file included from ../src/Robotics.cpp:11:0:
../src/Manager.h:13:2: warning: #import is a deprecated GCC extension [-Wdeprecated]
In file included from ../src/Robotics.cpp:8:0:
/usr/local/include/player-2.0/libplayerc++/playerc++.h: In member function ‘void PlayerCc::Position2dProxy::GoTo(double, double, double)’:
/usr/local/include/player-2.0/libplayerc++/playerc++.h:1615:40: warning: narrowing conversion of ‘aX’ from ‘double’ to ‘float’ inside { } is ill-formed in C++11 [-Wnarrowing]
/usr/local/include/player-2.0/libplayerc++/playerc++.h:1615:40: warning: narrowing conversion of ‘aY’ from ‘double’ to ‘float’ inside { } is ill-formed in C++11 [-Wnarrowing]
/usr/local/include/player-2.0/libplayerc++/playerc++.h:1615:40: warning: narrowing conversion of ‘aYaw’ from ‘double’ to ‘float’ inside { } is ill-formed in C++11 [-Wnarrowing]
/usr/local/include/player-2.0/libplayerc++/playerc++.h: In member function ‘void PlayerCc::Position3dProxy::GoTo(double, double, double, double, double, double)’:
/usr/local/include/player-2.0/libplayerc++/playerc++.h:1785:59: warning: narrowing conversion of ‘aX’ from ‘double’ to ‘float’ inside { } is ill-formed in C++11 [-Wnarrowing]
/usr/local/include/player-2.0/libplayerc++/playerc++.h:1785:59: warning: narrowing conversion of ‘aY’ from ‘double’ to ‘float’ inside { } is ill-formed in C++11 [-Wnarrowing]
/usr/local/include/player-2.0/libplayerc++/playerc++.h:1785:59: warning: narrowing conversion of ‘aZ’ from ‘double’ to ‘float’ inside { } is ill-formed in C++11 [-Wnarrowing]
/usr/local/include/player-2.0/libplayerc++/playerc++.h:1785:59: warning: narrowing conversion of ‘aRoll’ from ‘double’ to ‘float’ inside { } is ill-formed in C++11 [-Wnarrowing]
/usr/local/include/player-2.0/libplayerc++/playerc++.h:1785:59: warning: narrowing conversion of ‘aPitch’ from ‘double’ to ‘float’ inside { } is ill-formed in C++11 [-Wnarrowing]
/usr/local/include/player-2.0/libplayerc++/playerc++.h:1785:59: warning: narrowing conversion of ‘aYaw’ from ‘double’ to ‘float’ inside { } is ill-formed in C++11 [-Wnarrowing]
Finished building: ../src/Robotics.cpp
 
Building target: Robotics
Invoking: Cross G++ Linker
g++  -o "Robotics"  ./src/Plans/ObstacleAvoidPln.o ./src/Plans/Plan.o  ./src/Behaviors/Behavior.o ./src/Behaviors/MoveForward.o ./src/Behaviors/Movement.o ./src/Behaviors/TurnLeft.o ./src/Behaviors/TurnRight.o  ./src/Manager.o ./src/Robot.o ./src/Robotics.o   -lplayerc++
Finished building target: Robotics
 
11:59:21 **** Incremental Build of configuration Debug for project Robotics ****
make all 
make: Nothing to be done for `all'.
