05:36:13 **** Incremental Build of configuration Debug for project Robotics ****
make all 
Building file: ../src/Behaviors/Behavior.cpp
Invoking: Cross G++ Compiler
g++ -I/usr/local/include/player-2.0/ -O0 -g3 -Wall -c -fmessage-length=0 -MMD -MP -MF"src/Behaviors/Behavior.d" -MT"src/Behaviors/Behavior.d" -o "src/Behaviors/Behavior.o" "../src/Behaviors/Behavior.cpp"
In file included from ../src/Behaviors/Behavior.cpp:1:0:
../src/Behaviors/Behavior.h:2:18: warning: extra tokens at end of #include directive [enabled by default]
In file included from ../src/Behaviors/../Robot.h:11:0,
                 from ../src/Behaviors/Behavior.h:1,
                 from ../src/Behaviors/Behavior.cpp:1:
/usr/local/include/player-2.0/libplayerc++/playerc++.h: In member function ‘void PlayerCc::Position2dProxy::GoTo(double, double, double)’:
/usr/local/include/player-2.0/libplayerc++/playerc++.h:1615:40: warning: narrowing conversion of ‘aX’ from ‘double’ to ‘float’ inside { } is ill-formed in C++11 [-Wnarrowing]
/usr/local/include/player-2.0/libplayerc++/playerc++.h:1615:40: warning: narrowing conversion of ‘aY’ from ‘double’ to ‘float’ inside { } is ill-formed in C++11 [-Wnarrowing]
/usr/local/include/player-2.0/libplayerc++/playerc++.h:1615:40: warning: narrowing conversion of ‘aYaw’ from ‘double’ to ‘float’ inside { } is ill-formed in C++11 [-Wnarrowing]
/usr/local/include/player-2.0/libplayerc++/playerc++.h: In member function ‘void PlayerCc::Position3dProxy::GoTo(double, double, double, double, double, double)’:
/usr/local/include/player-2.0/libplayerc++/playerc++.h:1785:59: warning: narrowing conversion of ‘aX’ from ‘double’ to ‘float’ inside { } is ill-formed in C++11 [-Wnarrowing]
/usr/local/include/player-2.0/libplayerc++/playerc++.h:1785:59: warning: narrowing conversion of ‘aY’ from ‘double’ to ‘float’ inside { } is ill-formed in C++11 [-Wnarrowing]
/usr/local/include/player-2.0/libplayerc++/playerc++.h:1785:59: warning: narrowing conversion of ‘aZ’ from ‘double’ to ‘float’ inside { } is ill-formed in C++11 [-Wnarrowing]
/usr/local/include/player-2.0/libplayerc++/playerc++.h:1785:59: warning: narrowing conversion of ‘aRoll’ from ‘double’ to ‘float’ inside { } is ill-formed in C++11 [-Wnarrowing]
/usr/local/include/player-2.0/libplayerc++/playerc++.h:1785:59: warning: narrowing conversion of ‘aPitch’ from ‘double’ to ‘float’ inside { } is ill-formed in C++11 [-Wnarrowing]
/usr/local/include/player-2.0/libplayerc++/playerc++.h:1785:59: warning: narrowing conversion of ‘aYaw’ from ‘double’ to ‘float’ inside { } is ill-formed in C++11 [-Wnarrowing]
Finished building: ../src/Behaviors/Behavior.cpp
 
Building file: ../src/Behaviors/MoveForward.cpp
Invoking: Cross G++ Compiler
g++ -I/usr/local/include/player-2.0/ -O0 -g3 -Wall -c -fmessage-length=0 -MMD -MP -MF"src/Behaviors/MoveForward.d" -MT"src/Behaviors/MoveForward.d" -o "src/Behaviors/MoveForward.o" "../src/Behaviors/MoveForward.cpp"
In file included from ../src/Behaviors/MoveForward.h:11:0,
                 from ../src/Behaviors/MoveForward.cpp:8:
../src/Behaviors/Behavior.h:2:18: warning: extra tokens at end of #include directive [enabled by default]
In file included from ../src/Behaviors/../Robot.h:11:0,
                 from ../src/Behaviors/Behavior.h:1,
                 from ../src/Behaviors/MoveForward.h:11,
                 from ../src/Behaviors/MoveForward.cpp:8:
/usr/local/include/player-2.0/libplayerc++/playerc++.h: In member function ‘void PlayerCc::Position2dProxy::GoTo(double, double, double)’:
/usr/local/include/player-2.0/libplayerc++/playerc++.h:1615:40: warning: narrowing conversion of ‘aX’ from ‘double’ to ‘float’ inside { } is ill-formed in C++11 [-Wnarrowing]
/usr/local/include/player-2.0/libplayerc++/playerc++.h:1615:40: warning: narrowing conversion of ‘aY’ from ‘double’ to ‘float’ inside { } is ill-formed in C++11 [-Wnarrowing]
/usr/local/include/player-2.0/libplayerc++/playerc++.h:1615:40: warning: narrowing conversion of ‘aYaw’ from ‘double’ to ‘float’ inside { } is ill-formed in C++11 [-Wnarrowing]
/usr/local/include/player-2.0/libplayerc++/playerc++.h: In member function ‘void PlayerCc::Position3dProxy::GoTo(double, double, double, double, double, double)’:
/usr/local/include/player-2.0/libplayerc++/playerc++.h:1785:59: warning: narrowing conversion of ‘aX’ from ‘double’ to ‘float’ inside { } is ill-formed in C++11 [-Wnarrowing]
/usr/local/include/player-2.0/libplayerc++/playerc++.h:1785:59: warning: narrowing conversion of ‘aY’ from ‘double’ to ‘float’ inside { } is ill-formed in C++11 [-Wnarrowing]
/usr/local/include/player-2.0/libplayerc++/playerc++.h:1785:59: warning: narrowing conversion of ‘aZ’ from ‘double’ to ‘float’ inside { } is ill-formed in C++11 [-Wnarrowing]
/usr/local/include/player-2.0/libplayerc++/playerc++.h:1785:59: warning: narrowing conversion of ‘aRoll’ from ‘double’ to ‘float’ inside { } is ill-formed in C++11 [-Wnarrowing]
/usr/local/include/player-2.0/libplayerc++/playerc++.h:1785:59: warning: narrowing conversion of ‘aPitch’ from ‘double’ to ‘float’ inside { } is ill-formed in C++11 [-Wnarrowing]
/usr/local/include/player-2.0/libplayerc++/playerc++.h:1785:59: warning: narrowing conversion of ‘aYaw’ from ‘double’ to ‘float’ inside { } is ill-formed in C++11 [-Wnarrowing]
../src/Behaviors/MoveForward.cpp: In member function ‘bool MoveForward::checkObstacleInFront()’:
../src/Behaviors/MoveForward.cpp:25:7: warning: variable ‘isObstacleInFront’ set but not used [-Wunused-but-set-variable]
../src/Behaviors/MoveForward.cpp:39:1: warning: no return statement in function returning non-void [-Wreturn-type]
Finished building: ../src/Behaviors/MoveForward.cpp
 
Building file: ../src/Robot.cpp
Invoking: Cross G++ Compiler
g++ -I/usr/local/include/player-2.0/ -O0 -g3 -Wall -c -fmessage-length=0 -MMD -MP -MF"src/Robot.d" -MT"src/Robot.d" -o "src/Robot.o" "../src/Robot.cpp"
In file included from ../src/Robot.h:11:0,
                 from ../src/Robot.cpp:8:
/usr/local/include/player-2.0/libplayerc++/playerc++.h: In member function ‘void PlayerCc::Position2dProxy::GoTo(double, double, double)’:
/usr/local/include/player-2.0/libplayerc++/playerc++.h:1615:40: warning: narrowing conversion of ‘aX’ from ‘double’ to ‘float’ inside { } is ill-formed in C++11 [-Wnarrowing]
/usr/local/include/player-2.0/libplayerc++/playerc++.h:1615:40: warning: narrowing conversion of ‘aY’ from ‘double’ to ‘float’ inside { } is ill-formed in C++11 [-Wnarrowing]
/usr/local/include/player-2.0/libplayerc++/playerc++.h:1615:40: warning: narrowing conversion of ‘aYaw’ from ‘double’ to ‘float’ inside { } is ill-formed in C++11 [-Wnarrowing]
/usr/local/include/player-2.0/libplayerc++/playerc++.h: In member function ‘void PlayerCc::Position3dProxy::GoTo(double, double, double, double, double, double)’:
/usr/local/include/player-2.0/libplayerc++/playerc++.h:1785:59: warning: narrowing conversion of ‘aX’ from ‘double’ to ‘float’ inside { } is ill-formed in C++11 [-Wnarrowing]
/usr/local/include/player-2.0/libplayerc++/playerc++.h:1785:59: warning: narrowing conversion of ‘aY’ from ‘double’ to ‘float’ inside { } is ill-formed in C++11 [-Wnarrowing]
/usr/local/include/player-2.0/libplayerc++/playerc++.h:1785:59: warning: narrowing conversion of ‘aZ’ from ‘double’ to ‘float’ inside { } is ill-formed in C++11 [-Wnarrowing]
/usr/local/include/player-2.0/libplayerc++/playerc++.h:1785:59: warning: narrowing conversion of ‘aRoll’ from ‘double’ to ‘float’ inside { } is ill-formed in C++11 [-Wnarrowing]
/usr/local/include/player-2.0/libplayerc++/playerc++.h:1785:59: warning: narrowing conversion of ‘aPitch’ from ‘double’ to ‘float’ inside { } is ill-formed in C++11 [-Wnarrowing]
/usr/local/include/player-2.0/libplayerc++/playerc++.h:1785:59: warning: narrowing conversion of ‘aYaw’ from ‘double’ to ‘float’ inside { } is ill-formed in C++11 [-Wnarrowing]
Finished building: ../src/Robot.cpp
 
Building file: ../src/Robotics.cpp
Invoking: Cross G++ Compiler
g++ -I/usr/local/include/player-2.0/ -O0 -g3 -Wall -c -fmessage-length=0 -MMD -MP -MF"src/Robotics.d" -MT"src/Robotics.d" -o "src/Robotics.o" "../src/Robotics.cpp"
Finished building: ../src/Robotics.cpp
 
Building target: Robotics
Invoking: Cross G++ Linker
g++  -o "Robotics"  ./src/Behaviors/Behavior.o ./src/Behaviors/MoveForward.o  ./src/Robot.o ./src/Robotics.o   -lplayerc++
Finished building target: Robotics
 

05:36:16 Build Finished (took 2s.552ms)

